  Using 'git status' to determine working set for adaptive non-unity build (E:\Github\Unreal_KrazyKarts).
  Parsing headers for KrazyKartsEditor
    Running UnrealHeaderTool "E:\Github\Unreal_KrazyKarts\KrazyKarts\KrazyKarts.uproject" "E:\Github\Unreal_KrazyKarts\KrazyKarts\Intermediate\Build\Win64\KrazyKartsEditor\Development\KrazyKartsEditor.uhtmanifest" -LogCmds="loginit warning, logexit warning, logdatabase error" -Unattended -WarningsAsErrors -installed
  Reflection code generated for KrazyKartsEditor in 4.7152861 seconds
  Building KrazyKartsEditor...
  Using Visual Studio 2019 14.25.28612 toolchain (C:\Program Files (x86)\Microsoft Visual Studio\2019\Community\VC\Tools\MSVC\14.25.28610) and Windows 10.0.18362.0 SDK (C:\Program Files (x86)\Windows Kits\10).
  Building 7 actions with 16 processes...
    [1/7] GoKart.cpp
E:\Github\Unreal_KrazyKarts\KrazyKarts\Source\KrazyKarts\GoKart.cpp(16): warning C4996: 'AActor::bReplicateMovement': This member will be made private. Please use IsReplicatingMovement or SetReplicatingMovement. Please update your code to the new API before upgrading to the next release, otherwise your project will no longer compile.
E:\Github\Unreal_KrazyKarts\KrazyKarts\Source\KrazyKarts\GoKart.cpp(54): warning C4996: 'AActor::Role': This member will be made private. Please use GetLocalRole or SetRole. Please update your code to the new API before upgrading to the next release, otherwise your project will no longer compile.
    [2/7] GoKart.gen.cpp
    [3/7] GoKartMovementReplicator.gen.cpp
    [4/7] GoKartMovementReplicator.cpp
    [5/7] UE4Editor-KrazyKarts-0070.lib
       Creating library E:\Github\Unreal_KrazyKarts\KrazyKarts\Intermediate\Build\Win64\UE4Editor\Development\KrazyKarts\UE4Editor-KrazyKarts-0070.lib and object E:\Github\Unreal_KrazyKarts\KrazyKarts\Intermediate\Build\Win64\UE4Editor\Development\KrazyKarts\UE4Editor-KrazyKarts-0070.exp
    [6/7] UE4Editor-KrazyKarts-0070.dll
       Creating library E:\Github\Unreal_KrazyKarts\KrazyKarts\Intermediate\Build\Win64\UE4Editor\Development\KrazyKarts\UE4Editor-KrazyKarts-0070.suppressed.lib and object E:\Github\Unreal_KrazyKarts\KrazyKarts\Intermediate\Build\Win64\UE4Editor\Development\KrazyKarts\UE4Editor-KrazyKarts-0070.suppressed.exp
    [7/7] KrazyKartsEditor.target
  Total time in Parallel executor: 2.23 seconds
  Total execution time: 7.57 seconds
